1	N	45
1	J	45
0	J	45
1	R	45
2	N	46
2	J	46
1	W	46
2	R	46
3	N	60
3	J	61
2	E	65
1	J	65
1	R	65
4	N	65
4	J	66
1	W	66
3	R	66
3	W	72
4	R	72
5	N	104
5	J	104
4	W	105
5	R	105
4	J	107
5	E	107
4	R	107
4	W	112
0	R	112
0	W	112
4	J	2584
4	R	2584
4	W	2585
0	R	2585
4	J	2692
4	R	2692
4	W	2692
0	R	2692
4	J	3026
4	R	3026
4	W	3026
0	R	3026
3	J	3070
3	R	3070
3	W	3070
0	R	3070
4	J	3135
4	R	3135
4	W	3135
0	R	3135
4	J	3183
4	R	3183
4	W	3183
0	R	3183
4	J	3341
4	R	3341
4	W	3341
0	R	3341
4	J	3627
4	R	3627
4	W	3627
0	R	3627
4	J	3752
4	R	3752
4	W	3752
0	R	3752
4	J	4390
4	R	4390
4	W	4390
0	R	4390
4	J	4528
4	R	4528
4	W	4528
0	R	4528
4	J	4654
4	R	4654
4	W	4655
0	R	4655
4	J	4829
4	R	4829
4	W	4829
0	R	4829
4	J	6963
4	R	6964
4	W	6964
0	R	6964
4	J	7091
4	R	7091
4	W	7091
0	R	7091
4	J	7119
4	R	7119
4	W	7119
0	R	7119
4	J	7249
4	R	7249
4	W	7249
0	R	7249
4	J	7580
4	R	7580
4	W	7580
0	R	7580
4	J	7704
4	R	7704
4	W	7704
0	R	7704
4	J	9183
4	R	9184
4	W	9184
0	R	9184
4	J	9795
4	R	9795
4	W	9795
0	R	9795
4	J	9834
4	R	9834
4	W	9834
0	R	9834
4	J	9871
4	R	9871
4	W	9871
0	R	9871
4	J	9910
4	R	9910
4	W	9910
0	R	9910
4	J	9947
4	R	9947
4	W	9947
0	R	9947
4	J	9983
4	R	9983
4	W	9983
0	R	9983
4	J	10021
4	R	10021
4	W	10021
0	R	10021
4	J	10057
4	R	10057
4	W	10057
0	R	10057
4	J	10096
4	R	10096
4	W	10096
0	R	10096
4	J	10129
4	R	10129
4	W	10129
0	R	10129
4	J	10165
4	R	10165
4	W	10165
0	R	10166
4	J	10201
4	R	10201
4	W	10201
0	R	10202
4	J	10239
4	R	10239
4	W	10239
0	R	10239
4	J	10277
4	R	10277
4	W	10277
0	R	10277
4	J	10313
4	R	10313
4	W	10313
0	R	10313
4	J	10351
4	R	10351
4	W	10352
0	R	10352
4	J	10388
4	R	10388
4	W	10388
0	R	10388
4	J	10426
4	R	10426
4	W	10426
0	R	10426
4	J	10463
4	R	10463
4	W	10463
0	R	10463
4	J	10501
4	R	10501
4	W	10502
0	R	10502
4	J	10538
4	R	10538
4	W	10538
0	R	10538
4	J	10571
4	R	10571
4	W	10571
0	R	10571
4	J	10605
4	R	10605
4	W	10605
0	R	10605
4	J	11177
4	R	11177
4	W	11177
0	R	11177
4	J	11277
4	R	11277
4	W	11277
0	R	11277
4	J	11277
4	R	11277
4	W	11277
0	R	11277
4	J	11434
4	R	11434
4	W	11434
0	R	11434
4	J	11514
4	R	11514
6	N	11515
6	J	11516
4	W	11516
6	R	11516
6	E	11522
4	J	11522
4	R	11522
7	N	11523
7	J	11523
4	W	11524
7	R	11524
4	J	11526
7	E	11526
4	R	11526
4	W	11527
0	R	11527
4	J	11635
4	R	11635
4	W	11635
0	R	11635
4	J	13310
4	R	13310
4	W	13310
0	R	13310
4	J	13418
4	R	13418
4	W	13418
0	R	13418
4	J	13497
4	R	13497
4	W	13497
0	R	13497
4	J	13594
4	R	13595
4	W	13595
0	R	13595
4	J	14776
4	R	14776
4	W	14776
0	R	14776
4	J	14875
4	R	14875
4	W	14875
0	R	14875
4	J	15141
4	R	15141
4	W	15147
0	R	15147
4	J	15238
4	R	15239
4	W	15239
0	R	15239
4	J	15854
4	R	15854
8	N	15855
8	J	15856
4	W	15856
8	R	15856
9	N	15858
9	J	15859
10	N	15859
10	J	15860
11	N	15860
11	J	15860
8	W	15861
11	R	15861
11	J	15871
10	R	15871
10	W	15871
9	R	15871
9	J	15881
11	R	15881
11	J	15891
9	R	15891
9	J	15901
11	R	15901
11	J	15911
9	R	15911
9	J	15921
11	R	15921
11	J	15931
9	R	15931
9	J	15941
11	R	15941
11	J	15951
9	R	15951
9	J	15961
11	R	15961
11	J	15971
9	R	15971
10	J	15981
9	J	15981
10	R	15981
10	W	15981
11	R	15981
11	J	15991
9	R	15991
9	J	16001
11	R	16001
11	J	16011
9	R	16011
9	J	16021
11	R	16021
11	J	16031
9	R	16031
9	J	16041
11	R	16041
11	J	16051
9	R	16051
9	J	16061
11	R	16061
11	W	16061
9	R	16061
10	J	16091
9	J	16091
10	R	16091
10	W	16091
9	R	16091
11	J	16171
9	J	16171
11	R	16171
10	J	16200
11	J	16200
10	R	16200
10	W	16200
9	R	16200
9	J	16210
11	R	16210
11	J	16220
9	R	16220
9	J	16230
11	R	16230
11	J	16240
9	R	16240
9	J	16250
11	R	16250
11	J	16260
9	R	16260
9	J	16270
11	R	16270
11	J	16280
9	R	16280
9	J	16290
11	R	16290
11	J	16300
9	R	16300
10	J	16310
9	J	16310
10	R	16310
10	W	16310
11	R	16310
11	J	16320
9	R	16320
9	J	16330
11	R	16330
11	J	16340
9	R	16340
9	J	16350
11	R	16350
11	W	16351
9	R	16351
10	J	16411
9	J	16411
10	R	16411
10	W	16411
9	R	16411
11	J	16461
9	J	16461
11	R	16461
11	J	16490
9	R	16490
9	J	16500
11	R	16500
11	J	16510
9	R	16510
10	J	16520
9	J	16520
10	R	16520
10	W	16520
11	R	16520
11	J	16530
9	R	16530
9	J	16540
11	R	16540
11	J	16550
9	R	16550
9	J	16560
11	R	16560
11	J	16570
9	R	16570
9	J	16580
11	R	16580
11	J	16590
9	R	16590
9	J	16600
11	R	16600
11	J	16610
9	R	16610
9	J	16620
11	R	16620
10	J	16630
11	J	16630
10	R	16630
10	W	16630
9	R	16630
9	J	16640
11	R	16640
11	W	16641
9	R	16641
10	J	16731
9	J	16731
10	R	16731
10	W	16731
9	R	16731
11	J	16751
9	J	16751
11	R	16751
11	J	16780
9	R	16780
9	J	16790
11	R	16790
11	J	16800
9	R	16800
9	J	16810
11	R	16810
11	J	16820
9	R	16820
9	J	16830
11	R	16830
10	J	16840
11	J	16840
10	R	16840
10	W	16840
9	R	16840
9	J	16850
11	R	16850
11	J	16860
9	R	16860
9	J	16870
11	R	16870
11	J	16880
9	R	16880
9	J	16890
11	R	16890
11	J	16900
9	R	16900
9	J	16910
11	R	16910
11	J	16920
9	R	16920
9	J	16930
11	R	16930
11	W	16931
9	R	16931
10	J	16941
9	J	16941
10	R	16941
10	E	16941
8	J	16941
8	R	16941
8	W	16941
9	R	16941
11	J	17041
9	J	17041
11	R	17041
11	J	17070
9	R	17070
9	J	17080
11	R	17080
11	J	17090
9	R	17090
9	J	17100
11	R	17100
11	J	17110
9	R	17110
9	J	17120
11	R	17120
11	J	17130
9	R	17130
9	J	17140
11	R	17140
11	J	17150
9	R	17150
9	J	17160
11	R	17160
11	J	17170
9	R	17170
9	J	17180
11	R	17180
11	J	17190
9	R	17190
9	J	17200
11	R	17200
11	J	17210
9	R	17210
9	J	17220
11	R	17220
11	W	17221
9	R	17221
11	J	17331
9	J	17331
11	R	17331
11	E	17331
8	J	17331
8	R	17331
8	W	17331
9	R	17331
9	E	17361
8	J	17361
8	R	17361
8	E	17362
4	J	17362
4	R	17362
12	N	17362
12	J	17363
4	W	17363
12	R	17363
4	J	17365
12	E	17366
4	R	17366
4	W	17366
0	R	17366
4	J	24727
4	R	24727
4	W	24727
0	R	24727
4	J	24796
4	R	24796
4	W	24796
0	R	24796
4	J	24855
4	R	24855
4	W	24855
0	R	24855
4	J	24931
4	R	24931
4	W	24931
0	R	24931
4	J	24984
4	R	24984
4	W	24984
0	R	24984
4	J	25140
4	R	25140
4	W	25140
0	R	25140
4	J	25185
4	R	25185
4	W	25185
0	R	25185
4	J	25355
4	R	25355
4	W	25355
0	R	25355
4	J	25826
4	R	25826
13	N	25828
13	J	25828
4	W	25829
13	R	25829
